
[LOG][2021-02-07 03:46:35.060] Server start on /0.0.0.0:8080
[LOG][2021-02-07 03:46:35.060] Listering...
[LOG][2021-02-07 03:53:01.224] Server start on /0.0.0.0:8080
[LOG][2021-02-07 03:53:01.224] Listering...
[LOG][2021-02-07 03:53:04.142] GET /api/hello/Jane/age/62 HTTP/1.1
Host: 127.0.0.1:8080
User-Agent: Mozilla/5.0 (Windows NT 10.0; Win64; x64; rv:85.0) Gecko/20100101 Firefox/85.0
Accept: text/html,application/xhtml+xml,application/xml;q=0.9,image/webp,*/*;q=0.8
Accept-Language: da,en-US;q=0.7,en;q=0.3
Accept-Encoding: gzip, deflate
DNT: 1
Connection: keep-alive
Upgrade-Insecure-Requests: 1
Sec-GPC: 1
[LOG][2021-02-07 03:53:08.090] GET /api/hello/Jane/age/66 HTTP/1.1
Host: 127.0.0.1:8080
User-Agent: Mozilla/5.0 (Windows NT 10.0; Win64; x64; rv:85.0) Gecko/20100101 Firefox/85.0
Accept: text/html,application/xhtml+xml,application/xml;q=0.9,image/webp,*/*;q=0.8
Accept-Language: da,en-US;q=0.7,en;q=0.3
Accept-Encoding: gzip, deflate
DNT: 1
Connection: keep-alive
Upgrade-Insecure-Requests: 1
Sec-GPC: 1
[LOG][2021-02-07 16:14:18.257] Server start on /0.0.0.0:8080
[LOG][2021-02-07 16:14:18.257] Listering...
[LOG][2021-02-07 16:14:29.977] GET /api/hello/world HTTP/1.1
Host: 127.0.0.1:8080
User-Agent: Mozilla/5.0 (Windows NT 10.0; Win64; x64; rv:85.0) Gecko/20100101 Firefox/85.0
Accept: text/html,application/xhtml+xml,application/xml;q=0.9,image/webp,*/*;q=0.8
Accept-Language: da,en-US;q=0.7,en;q=0.3
Accept-Encoding: gzip, deflate
DNT: 1
Connection: keep-alive
Upgrade-Insecure-Requests: 1
Sec-GPC: 1
[LOG][2021-02-07 16:15:25.970] Server start on /0.0.0.0:8080
[LOG][2021-02-07 16:15:25.971] Listering...
[LOG][2021-02-07 16:15:28.039] GET /api/hello/world HTTP/1.1
Host: 127.0.0.1:8080
User-Agent: Mozilla/5.0 (Windows NT 10.0; Win64; x64; rv:85.0) Gecko/20100101 Firefox/85.0
Accept: text/html,application/xhtml+xml,application/xml;q=0.9,image/webp,*/*;q=0.8
Accept-Language: da,en-US;q=0.7,en;q=0.3
Accept-Encoding: gzip, deflate
DNT: 1
Connection: keep-alive
Upgrade-Insecure-Requests: 1
Sec-GPC: 1
[LOG][2021-02-07 16:15:59.769] Server start on /0.0.0.0:8080
[LOG][2021-02-07 16:15:59.769] Listering...
[LOG][2021-02-07 16:16:00.544] GET /api/hello/world HTTP/1.1
Host: 127.0.0.1:8080
User-Agent: Mozilla/5.0 (Windows NT 10.0; Win64; x64; rv:85.0) Gecko/20100101 Firefox/85.0
Accept: text/html,application/xhtml+xml,application/xml;q=0.9,image/webp,*/*;q=0.8
Accept-Language: da,en-US;q=0.7,en;q=0.3
Accept-Encoding: gzip, deflate
DNT: 1
Connection: keep-alive
Upgrade-Insecure-Requests: 1
Sec-GPC: 1
Cache-Control: max-age=0
[LOG][2021-02-07 16:18:01.678] Server start on /0.0.0.0:8080
[LOG][2021-02-07 16:18:01.679] Listering...
[LOG][2021-02-07 16:18:09.546] GET /api/hello/world HTTP/1.1
Host: 127.0.0.1:8080
User-Agent: Mozilla/5.0 (Windows NT 10.0; Win64; x64; rv:85.0) Gecko/20100101 Firefox/85.0
Accept: text/html,application/xhtml+xml,application/xml;q=0.9,image/webp,*/*;q=0.8
Accept-Language: da,en-US;q=0.7,en;q=0.3
Accept-Encoding: gzip, deflate
DNT: 1
Connection: keep-alive
Upgrade-Insecure-Requests: 1
Sec-GPC: 1
[LOG][2021-02-07 16:18:17.943] GET /api/hello/Christian HTTP/1.1
Host: 127.0.0.1:8080
User-Agent: Mozilla/5.0 (Windows NT 10.0; Win64; x64; rv:85.0) Gecko/20100101 Firefox/85.0
Accept: text/html,application/xhtml+xml,application/xml;q=0.9,image/webp,*/*;q=0.8
Accept-Language: da,en-US;q=0.7,en;q=0.3
Accept-Encoding: gzip, deflate
DNT: 1
Connection: keep-alive
Upgrade-Insecure-Requests: 1
Sec-GPC: 1
[ERROR][2021-02-07 16:46:44.402] java.net.BindException: Address already in use: bind
[ERROR][2021-02-07 16:46:52.271] java.net.BindException: Address already in use: bind
[LOG][2021-02-07 16:47:05.983] Server start on /0.0.0.0:8080
[LOG][2021-02-07 16:47:05.983] Listering...
[LOG][2021-02-07 16:47:09.042] GET /api/hello/world HTTP/1.1
Host: 127.0.0.1:8080
User-Agent: Mozilla/5.0 (Windows NT 10.0; Win64; x64; rv:85.0) Gecko/20100101 Firefox/85.0
Accept: text/html,application/xhtml+xml,application/xml;q=0.9,image/webp,*/*;q=0.8
Accept-Language: da,en-US;q=0.7,en;q=0.3
Accept-Encoding: gzip, deflate
DNT: 1
Connection: keep-alive
Upgrade-Insecure-Requests: 1
Sec-GPC: 1
[LOG][2021-02-07 16:47:13.712] GET /api/hello/Christian HTTP/1.1
Host: 127.0.0.1:8080
User-Agent: Mozilla/5.0 (Windows NT 10.0; Win64; x64; rv:85.0) Gecko/20100101 Firefox/85.0
Accept: text/html,application/xhtml+xml,application/xml;q=0.9,image/webp,*/*;q=0.8
Accept-Language: da,en-US;q=0.7,en;q=0.3
Accept-Encoding: gzip, deflate
DNT: 1
Connection: keep-alive
Upgrade-Insecure-Requests: 1
Sec-GPC: 1
[LOG][2021-02-07 16:48:03.737] Server start on /0.0.0.0:8080
[LOG][2021-02-07 16:48:03.737] Listering...
[LOG][2021-02-07 16:48:03.788] GET /api/hello/world HTTP/1.1
Host: 127.0.0.1:8080
User-Agent: Mozilla/5.0 (Windows NT 10.0; Win64; x64; rv:85.0) Gecko/20100101 Firefox/85.0
Accept: text/html,application/xhtml+xml,application/xml;q=0.9,image/webp,*/*;q=0.8
Accept-Language: da,en-US;q=0.7,en;q=0.3
Accept-Encoding: gzip, deflate
DNT: 1
Connection: keep-alive
Upgrade-Insecure-Requests: 1
Sec-GPC: 1
[LOG][2021-02-07 16:48:03.800] GET /api/hello/Christian HTTP/1.1
Host: 127.0.0.1:8080
User-Agent: Mozilla/5.0 (Windows NT 10.0; Win64; x64; rv:85.0) Gecko/20100101 Firefox/85.0
Accept: text/html,application/xhtml+xml,application/xml;q=0.9,image/webp,*/*;q=0.8
Accept-Language: da,en-US;q=0.7,en;q=0.3
Accept-Encoding: gzip, deflate
DNT: 1
Connection: keep-alive
Upgrade-Insecure-Requests: 1
Sec-GPC: 1
[LOG][2021-02-07 17:00:32.550] Server start on /0.0.0.0:8080
[LOG][2021-02-07 17:00:32.551] Listering...
[LOG][2021-02-07 17:00:38.096] GET /api/hello/world HTTP/1.1
Host: 127.0.0.1:8080
User-Agent: Mozilla/5.0 (Windows NT 10.0; Win64; x64; rv:85.0) Gecko/20100101 Firefox/85.0
Accept: text/html,application/xhtml+xml,application/xml;q=0.9,image/webp,*/*;q=0.8
Accept-Language: da,en-US;q=0.7,en;q=0.3
Accept-Encoding: gzip, deflate
DNT: 1
Connection: keep-alive
Upgrade-Insecure-Requests: 1
Sec-GPC: 1
[LOG][2021-02-07 17:00:49.296] GET /api/hello/world HTTP/1.1
Host: 127.0.0.1:8080
User-Agent: Mozilla/5.0 (Windows NT 10.0; Win64; x64; rv:85.0) Gecko/20100101 Firefox/85.0
Accept: text/html,application/xhtml+xml,application/xml;q=0.9,image/webp,*/*;q=0.8
Accept-Language: da,en-US;q=0.7,en;q=0.3
Accept-Encoding: gzip, deflate
DNT: 1
Connection: keep-alive
Upgrade-Insecure-Requests: 1
Sec-GPC: 1
[LOG][2021-02-07 17:01:01.389] GET /api/hello/Christian/ HTTP/1.1
Host: 127.0.0.1:8080
User-Agent: Mozilla/5.0 (Windows NT 10.0; Win64; x64; rv:85.0) Gecko/20100101 Firefox/85.0
Accept: text/html,application/xhtml+xml,application/xml;q=0.9,image/webp,*/*;q=0.8
Accept-Language: da,en-US;q=0.7,en;q=0.3
Accept-Encoding: gzip, deflate
DNT: 1
Connection: keep-alive
Upgrade-Insecure-Requests: 1
Sec-GPC: 1
[LOG][2021-02-07 17:01:34.351] Server start on /0.0.0.0:8080
[LOG][2021-02-07 17:01:34.352] Listering...
[LOG][2021-02-07 17:01:37.014] GET /api/hello/Christian/ HTTP/1.1
Host: 127.0.0.1:8080
User-Agent: Mozilla/5.0 (Windows NT 10.0; Win64; x64; rv:85.0) Gecko/20100101 Firefox/85.0
Accept: text/html,application/xhtml+xml,application/xml;q=0.9,image/webp,*/*;q=0.8
Accept-Language: da,en-US;q=0.7,en;q=0.3
Accept-Encoding: gzip, deflate
DNT: 1
Connection: keep-alive
Upgrade-Insecure-Requests: 1
Sec-GPC: 1
[LOG][2021-02-07 17:01:39.552] GET /api/hello/Christian HTTP/1.1
Host: 127.0.0.1:8080
User-Agent: Mozilla/5.0 (Windows NT 10.0; Win64; x64; rv:85.0) Gecko/20100101 Firefox/85.0
Accept: text/html,application/xhtml+xml,application/xml;q=0.9,image/webp,*/*;q=0.8
Accept-Language: da,en-US;q=0.7,en;q=0.3
Accept-Encoding: gzip, deflate
DNT: 1
Connection: keep-alive
Upgrade-Insecure-Requests: 1
Sec-GPC: 1
[LOG][2021-02-07 17:01:58.292] Server start on /0.0.0.0:8080
[LOG][2021-02-07 17:01:58.292] Listering...
[LOG][2021-02-07 17:01:58.442] GET /api/hello/Christian HTTP/1.1
Host: 127.0.0.1:8080
User-Agent: Mozilla/5.0 (Windows NT 10.0; Win64; x64; rv:85.0) Gecko/20100101 Firefox/85.0
Accept: text/html,application/xhtml+xml,application/xml;q=0.9,image/webp,*/*;q=0.8
Accept-Language: da,en-US;q=0.7,en;q=0.3
Accept-Encoding: gzip, deflate
DNT: 1
Connection: keep-alive
Upgrade-Insecure-Requests: 1
Sec-GPC: 1
[LOG][2021-02-07 17:02:06.161] GET /api/hello/Christian/age/55 HTTP/1.1
Host: 127.0.0.1:8080
User-Agent: Mozilla/5.0 (Windows NT 10.0; Win64; x64; rv:85.0) Gecko/20100101 Firefox/85.0
Accept: text/html,application/xhtml+xml,application/xml;q=0.9,image/webp,*/*;q=0.8
Accept-Language: da,en-US;q=0.7,en;q=0.3
Accept-Encoding: gzip, deflate
DNT: 1
Connection: keep-alive
Upgrade-Insecure-Requests: 1
Sec-GPC: 1
[LOG][2021-02-07 17:02:38.849] Server start on /0.0.0.0:8080
[LOG][2021-02-07 17:02:38.849] Listering...
[LOG][2021-02-07 17:02:38.928] GET /api/hello/Christian/age/55 HTTP/1.1
Host: 127.0.0.1:8080
User-Agent: Mozilla/5.0 (Windows NT 10.0; Win64; x64; rv:85.0) Gecko/20100101 Firefox/85.0
Accept: text/html,application/xhtml+xml,application/xml;q=0.9,image/webp,*/*;q=0.8
Accept-Language: da,en-US;q=0.7,en;q=0.3
Accept-Encoding: gzip, deflate
DNT: 1
Connection: keep-alive
Upgrade-Insecure-Requests: 1
Sec-GPC: 1
[LOG][2021-02-07 17:02:40.172] GET /api/hello/Christian/age/55 HTTP/1.1
Host: 127.0.0.1:8080
User-Agent: Mozilla/5.0 (Windows NT 10.0; Win64; x64; rv:85.0) Gecko/20100101 Firefox/85.0
Accept: text/html,application/xhtml+xml,application/xml;q=0.9,image/webp,*/*;q=0.8
Accept-Language: da,en-US;q=0.7,en;q=0.3
Accept-Encoding: gzip, deflate
DNT: 1
Connection: keep-alive
Upgrade-Insecure-Requests: 1
Sec-GPC: 1
[LOG][2021-02-07 17:02:43.258] GET /api/hello/Christian/age/55 HTTP/1.1
Host: 127.0.0.1:8080
User-Agent: Mozilla/5.0 (Windows NT 10.0; Win64; x64; rv:85.0) Gecko/20100101 Firefox/85.0
Accept: text/html,application/xhtml+xml,application/xml;q=0.9,image/webp,*/*;q=0.8
Accept-Language: da,en-US;q=0.7,en;q=0.3
Accept-Encoding: gzip, deflate
DNT: 1
Connection: keep-alive
Upgrade-Insecure-Requests: 1
Sec-GPC: 1
[LOG][2021-02-07 17:03:19.244] GET /api/hello/Christian/age/55 HTTP/1.1
Host: 127.0.0.1:8080
User-Agent: Mozilla/5.0 (Windows NT 10.0; Win64; x64; rv:85.0) Gecko/20100101 Firefox/85.0
Accept: text/html,application/xhtml+xml,application/xml;q=0.9,image/webp,*/*;q=0.8
Accept-Language: da,en-US;q=0.7,en;q=0.3
Accept-Encoding: gzip, deflate
DNT: 1
Connection: keep-alive
Upgrade-Insecure-Requests: 1
Sec-GPC: 1
[LOG][2021-02-07 17:03:44.314] GET /api/hello/Christian/ HTTP/1.1
Host: 127.0.0.1:8080
User-Agent: Mozilla/5.0 (Windows NT 10.0; Win64; x64; rv:85.0) Gecko/20100101 Firefox/85.0
Accept: text/html,application/xhtml+xml,application/xml;q=0.9,image/webp,*/*;q=0.8
Accept-Language: da,en-US;q=0.7,en;q=0.3
Accept-Encoding: gzip, deflate
DNT: 1
Connection: keep-alive
Upgrade-Insecure-Requests: 1
Sec-GPC: 1
[LOG][2021-02-07 17:04:07.400] Server start on /0.0.0.0:8080
[LOG][2021-02-07 17:04:07.400] Listering...
[LOG][2021-02-07 17:04:07.540] GET /api/hello/Christian/ HTTP/1.1
Host: 127.0.0.1:8080
User-Agent: Mozilla/5.0 (Windows NT 10.0; Win64; x64; rv:85.0) Gecko/20100101 Firefox/85.0
Accept: text/html,application/xhtml+xml,application/xml;q=0.9,image/webp,*/*;q=0.8
Accept-Language: da,en-US;q=0.7,en;q=0.3
Accept-Encoding: gzip, deflate
DNT: 1
Connection: keep-alive
Upgrade-Insecure-Requests: 1
Sec-GPC: 1
[LOG][2021-02-07 17:04:09.377] GET /api/hello/Christian HTTP/1.1
Host: 127.0.0.1:8080
User-Agent: Mozilla/5.0 (Windows NT 10.0; Win64; x64; rv:85.0) Gecko/20100101 Firefox/85.0
Accept: text/html,application/xhtml+xml,application/xml;q=0.9,image/webp,*/*;q=0.8
Accept-Language: da,en-US;q=0.7,en;q=0.3
Accept-Encoding: gzip, deflate
DNT: 1
Connection: keep-alive
Upgrade-Insecure-Requests: 1
Sec-GPC: 1
[LOG][2021-02-07 17:05:09.491] Server start on /0.0.0.0:8080
[LOG][2021-02-07 17:05:09.491] Listering...
[LOG][2021-02-07 17:05:14.935] GET /api/hello/world HTTP/1.1
Host: 127.0.0.1:8080
User-Agent: Mozilla/5.0 (Windows NT 10.0; Win64; x64; rv:85.0) Gecko/20100101 Firefox/85.0
Accept: text/html,application/xhtml+xml,application/xml;q=0.9,image/webp,*/*;q=0.8
Accept-Language: da,en-US;q=0.7,en;q=0.3
Accept-Encoding: gzip, deflate
DNT: 1
Connection: keep-alive
Upgrade-Insecure-Requests: 1
Sec-GPC: 1
[LOG][2021-02-07 17:06:33.682] Server start on /0.0.0.0:8080
[LOG][2021-02-07 17:06:33.682] Listering...
[LOG][2021-02-07 17:06:33.850] GET /api/hello/world HTTP/1.1
Host: 127.0.0.1:8080
User-Agent: Mozilla/5.0 (Windows NT 10.0; Win64; x64; rv:85.0) Gecko/20100101 Firefox/85.0
Accept: text/html,application/xhtml+xml,application/xml;q=0.9,image/webp,*/*;q=0.8
Accept-Language: da,en-US;q=0.7,en;q=0.3
Accept-Encoding: gzip, deflate
DNT: 1
Connection: keep-alive
Upgrade-Insecure-Requests: 1
Sec-GPC: 1
[LOG][2021-02-07 17:06:35.476] GET /api/hello/world HTTP/1.1
Host: 127.0.0.1:8080
User-Agent: Mozilla/5.0 (Windows NT 10.0; Win64; x64; rv:85.0) Gecko/20100101 Firefox/85.0
Accept: text/html,application/xhtml+xml,application/xml;q=0.9,image/webp,*/*;q=0.8
Accept-Language: da,en-US;q=0.7,en;q=0.3
Accept-Encoding: gzip, deflate
DNT: 1
Connection: keep-alive
Upgrade-Insecure-Requests: 1
Sec-GPC: 1
[LOG][2021-02-07 17:06:53.333] Server start on /0.0.0.0:8080
[LOG][2021-02-07 17:06:53.333] Listering...
[LOG][2021-02-07 17:06:55.250] GET /api/hello/world HTTP/1.1
Host: 127.0.0.1:8080
User-Agent: Mozilla/5.0 (Windows NT 10.0; Win64; x64; rv:85.0) Gecko/20100101 Firefox/85.0
Accept: text/html,application/xhtml+xml,application/xml;q=0.9,image/webp,*/*;q=0.8
Accept-Language: da,en-US;q=0.7,en;q=0.3
Accept-Encoding: gzip, deflate
DNT: 1
Connection: keep-alive
Upgrade-Insecure-Requests: 1
Sec-GPC: 1
[LOG][2021-02-07 17:07:27.934] Server start on /0.0.0.0:8080
[LOG][2021-02-07 17:07:27.934] Listering...
[LOG][2021-02-07 17:07:27.937] GET /api/hello/world HTTP/1.1
Host: 127.0.0.1:8080
User-Agent: Mozilla/5.0 (Windows NT 10.0; Win64; x64; rv:85.0) Gecko/20100101 Firefox/85.0
Accept: text/html,application/xhtml+xml,application/xml;q=0.9,image/webp,*/*;q=0.8
Accept-Language: da,en-US;q=0.7,en;q=0.3
Accept-Encoding: gzip, deflate
DNT: 1
Connection: keep-alive
Upgrade-Insecure-Requests: 1
Sec-GPC: 1
[LOG][2021-02-07 17:08:21.070] Server start on /0.0.0.0:8080
[LOG][2021-02-07 17:08:21.071] Listering...
[LOG][2021-02-07 17:08:22.273] GET /api/hello/world HTTP/1.1
Host: 127.0.0.1:8080
User-Agent: Mozilla/5.0 (Windows NT 10.0; Win64; x64; rv:85.0) Gecko/20100101 Firefox/85.0
Accept: text/html,application/xhtml+xml,application/xml;q=0.9,image/webp,*/*;q=0.8
Accept-Language: da,en-US;q=0.7,en;q=0.3
Accept-Encoding: gzip, deflate
DNT: 1
Connection: keep-alive
Upgrade-Insecure-Requests: 1
Sec-GPC: 1
[LOG][2021-02-07 17:08:52.191] Server start on /0.0.0.0:8080
[LOG][2021-02-07 17:08:52.191] Listering...
[LOG][2021-02-07 17:08:55.475] GET /api/hello/world HTTP/1.1
Host: 127.0.0.1:8080
User-Agent: Mozilla/5.0 (Windows NT 10.0; Win64; x64; rv:85.0) Gecko/20100101 Firefox/85.0
Accept: text/html,application/xhtml+xml,application/xml;q=0.9,image/webp,*/*;q=0.8
Accept-Language: da,en-US;q=0.7,en;q=0.3
Accept-Encoding: gzip, deflate
DNT: 1
Connection: keep-alive
Upgrade-Insecure-Requests: 1
Sec-GPC: 1
[LOG][2021-02-07 17:09:54.116] Server start on /0.0.0.0:8080
[LOG][2021-02-07 17:09:54.116] Listering...
[LOG][2021-02-07 17:09:56.389] GET /api/hello/world HTTP/1.1
Host: 127.0.0.1:8080
User-Agent: Mozilla/5.0 (Windows NT 10.0; Win64; x64; rv:85.0) Gecko/20100101 Firefox/85.0
Accept: text/html,application/xhtml+xml,application/xml;q=0.9,image/webp,*/*;q=0.8
Accept-Language: da,en-US;q=0.7,en;q=0.3
Accept-Encoding: gzip, deflate
DNT: 1
Connection: keep-alive
Upgrade-Insecure-Requests: 1
Sec-GPC: 1
[LOG][2021-02-07 17:10:25.060] Server start on /0.0.0.0:8080
[LOG][2021-02-07 17:10:25.060] Listering...
[LOG][2021-02-07 17:10:25.925] GET /api/hello/world HTTP/1.1
Host: 127.0.0.1:8080
User-Agent: Mozilla/5.0 (Windows NT 10.0; Win64; x64; rv:85.0) Gecko/20100101 Firefox/85.0
Accept: text/html,application/xhtml+xml,application/xml;q=0.9,image/webp,*/*;q=0.8
Accept-Language: da,en-US;q=0.7,en;q=0.3
Accept-Encoding: gzip, deflate
DNT: 1
Connection: keep-alive
Upgrade-Insecure-Requests: 1
Sec-GPC: 1
[LOG][2021-02-07 17:10:36.293] Server start on /0.0.0.0:8080
[LOG][2021-02-07 17:10:36.293] Listering...
[LOG][2021-02-07 17:10:37.537] GET /api/hello/world HTTP/1.1
Host: 127.0.0.1:8080
User-Agent: Mozilla/5.0 (Windows NT 10.0; Win64; x64; rv:85.0) Gecko/20100101 Firefox/85.0
Accept: text/html,application/xhtml+xml,application/xml;q=0.9,image/webp,*/*;q=0.8
Accept-Language: da,en-US;q=0.7,en;q=0.3
Accept-Encoding: gzip, deflate
DNT: 1
Connection: keep-alive
Upgrade-Insecure-Requests: 1
Sec-GPC: 1
[LOG][2021-02-07 17:10:57.944] Server start on /0.0.0.0:8080
[LOG][2021-02-07 17:10:57.945] Listering...
[LOG][2021-02-07 17:10:58.493] GET /api/hello/world HTTP/1.1
Host: 127.0.0.1:8080
User-Agent: Mozilla/5.0 (Windows NT 10.0; Win64; x64; rv:85.0) Gecko/20100101 Firefox/85.0
Accept: text/html,application/xhtml+xml,application/xml;q=0.9,image/webp,*/*;q=0.8
Accept-Language: da,en-US;q=0.7,en;q=0.3
Accept-Encoding: gzip, deflate
DNT: 1
Connection: keep-alive
Upgrade-Insecure-Requests: 1
Sec-GPC: 1
[LOG][2021-02-07 17:11:30.741] Server start on /0.0.0.0:8080
[LOG][2021-02-07 17:11:30.741] Listering...
[LOG][2021-02-07 17:11:31.591] GET /api/hello/world HTTP/1.1
Host: 127.0.0.1:8080
User-Agent: Mozilla/5.0 (Windows NT 10.0; Win64; x64; rv:85.0) Gecko/20100101 Firefox/85.0
Accept: text/html,application/xhtml+xml,application/xml;q=0.9,image/webp,*/*;q=0.8
Accept-Language: da,en-US;q=0.7,en;q=0.3
Accept-Encoding: gzip, deflate
DNT: 1
Connection: keep-alive
Upgrade-Insecure-Requests: 1
Sec-GPC: 1
